<?xml version="1.0" encoding="UTF-8"?>
<!-- Generated by org.testng.reporters.JUnitXMLReporter -->
<testsuite ignored="0" hostname="INBOOK_Y2_PLUS" failures="0" tests="3" name="Default test" time="64.356" errors="0" timestamp="2024-07-13T09:36:26 IST">
  <testcase classname="ParallelTesting.MultipleSession" name="executeSessionOne" time="10.37"/>
  <testcase classname="ParallelTesting.MultipleSession" name="executeSessionTwo" time="8.937"/>
  <testcase classname="ParallelTesting.MultipleSession" name="executeSessionThree" time="44.995"/>
</testsuite> <!-- Default test -->
