<?xml version="1.0" encoding="UTF-8"?>
<testng-results ignored="0" total="3" passed="3" failed="0" skipped="0">
  <reporter-output>
  </reporter-output>
  <suite started-at="2024-07-13T09:35:22 IST" name="Default suite" finished-at="2024-07-13T09:36:26 IST" duration-ms="64356">
    <groups>
    </groups>
    <test started-at="2024-07-13T09:35:22 IST" name="Default test" finished-at="2024-07-13T09:36:26 IST" duration-ms="64356">
      <class name="ParallelTesting.MultipleSession">
        <test-method signature="executeSessionOne()[pri:1, instance:ParallelTesting.MultipleSession@dbf57b3]" started-at="2024-07-13T09:35:22 IST" name="executeSessionOne" finished-at="2024-07-13T09:35:32 IST" duration-ms="10370" status="PASS">
          <reporter-output>
          </reporter-output>
        </test-method> <!-- executeSessionOne -->
        <test-method signature="executeSessionTwo()[pri:2, instance:ParallelTesting.MultipleSession@dbf57b3]" started-at="2024-07-13T09:35:32 IST" name="executeSessionTwo" finished-at="2024-07-13T09:35:41 IST" duration-ms="8937" status="PASS">
          <reporter-output>
          </reporter-output>
        </test-method> <!-- executeSessionTwo -->
        <test-method signature="executeSessionThree()[pri:3, instance:ParallelTesting.MultipleSession@dbf57b3]" started-at="2024-07-13T09:35:41 IST" name="executeSessionThree" finished-at="2024-07-13T09:36:26 IST" duration-ms="44995" status="PASS">
          <reporter-output>
          </reporter-output>
        </test-method> <!-- executeSessionThree -->
      </class> <!-- ParallelTesting.MultipleSession -->
    </test> <!-- Default test -->
  </suite> <!-- Default suite -->
</testng-results>
